<?xml version="1.0" encoding="UTF-8"?>
<checkstyle version="6.18">
<file name="C:\Users\bouho\Desktop\Suduko MIAGE\miage_m1_sudoku\src\main\java\c306\sudoku\CaractereInterditException.java">
<error line="0" severity="error" message="Manquant fichier package-info.java." source="com.puppycrawl.tools.checkstyle.checks.javadoc.JavadocPackageCheck"/>
<error line="1" column="9" severity="error" message="Le nom &apos;c306.sudoku&apos; n&apos;est pas conforme à l&apos;expression &apos;^[a-z]+(\.[a-zA-Z_][a-zA-Z0-9_]*)*$&apos;." source="com.puppycrawl.tools.checkstyle.checks.naming.PackageNameCheck"/>
</file>
<file name="C:\Users\bouho\Desktop\Suduko MIAGE\miage_m1_sudoku\src\main\java\c306\sudoku\ElementDeGrille.java">
<error line="1" column="9" severity="error" message="Le nom &apos;c306.sudoku&apos; n&apos;est pas conforme à l&apos;expression &apos;^[a-z]+(\.[a-zA-Z_][a-zA-Z0-9_]*)*$&apos;." source="com.puppycrawl.tools.checkstyle.checks.naming.PackageNameCheck"/>
</file>
<file name="C:\Users\bouho\Desktop\Suduko MIAGE\miage_m1_sudoku\src\main\java\c306\sudoku\ElementDeGrilleImplAsChar.java">
<error line="1" column="9" severity="error" message="Le nom &apos;c306.sudoku&apos; n&apos;est pas conforme à l&apos;expression &apos;^[a-z]+(\.[a-zA-Z_][a-zA-Z0-9_]*)*$&apos;." source="com.puppycrawl.tools.checkstyle.checks.naming.PackageNameCheck"/>
<error line="7" severity="error" message="Line has trailing spaces." source="com.puppycrawl.tools.checkstyle.checks.regexp.RegexpSinglelineCheck"/>
<error line="8" column="5" severity="error" message="Commentaire javadoc manquant." source="com.puppycrawl.tools.checkstyle.checks.javadoc.JavadocVariableCheck"/>
<error line="10" column="5" severity="error" message="Commentaire javadoc manquant." source="com.puppycrawl.tools.checkstyle.checks.javadoc.JavadocMethodCheck"/>
<error line="10" column="38" severity="error" message="Le paramètre value devrait être final." source="com.puppycrawl.tools.checkstyle.checks.FinalParametersCheck"/>
<error line="14" column="5" severity="error" message="Commentaire javadoc manquant." source="com.puppycrawl.tools.checkstyle.checks.javadoc.JavadocMethodCheck"/>
<error line="14" column="5" severity="error" message="La méthode &apos;getValue&apos; n&apos;est pas conçue pour être dérivée - il faut la déclarer abstraite, finale ou la laisser vide." source="com.puppycrawl.tools.checkstyle.checks.design.DesignForExtensionCheck"/>
</file>
<file name="C:\Users\bouho\Desktop\Suduko MIAGE\miage_m1_sudoku\src\main\java\c306\sudoku\Grille.java">
<error line="1" column="9" severity="error" message="Le nom &apos;c306.sudoku&apos; n&apos;est pas conforme à l&apos;expression &apos;^[a-z]+(\.[a-zA-Z_][a-zA-Z0-9_]*)*$&apos;." source="com.puppycrawl.tools.checkstyle.checks.naming.PackageNameCheck"/>
<error line="6" severity="error" message="La ligne excède 80 caractères." source="com.puppycrawl.tools.checkstyle.checks.sizes.LineLengthCheck"/>
<error line="9" severity="error" message="La ligne excède 80 caractères." source="com.puppycrawl.tools.checkstyle.checks.sizes.LineLengthCheck"/>
<error line="18" severity="error" message="Balise javadoc @return manquante." source="com.puppycrawl.tools.checkstyle.checks.javadoc.JavadocMethodCheck"/>
<error line="25" severity="error" message="La première ligne doit se terminer avec un point." source="com.puppycrawl.tools.checkstyle.checks.javadoc.JavadocStyleCheck"/>
<error line="26" severity="error" message="La ligne excède 80 caractères." source="com.puppycrawl.tools.checkstyle.checks.sizes.LineLengthCheck"/>
<error line="30" severity="error" message="La ligne excède 80 caractères." source="com.puppycrawl.tools.checkstyle.checks.sizes.LineLengthCheck"/>
<error line="31" severity="error" message="La ligne excède 80 caractères." source="com.puppycrawl.tools.checkstyle.checks.sizes.LineLengthCheck"/>
<error line="32" severity="error" message="La ligne excède 80 caractères." source="com.puppycrawl.tools.checkstyle.checks.sizes.LineLengthCheck"/>
<error line="33" severity="error" message="La ligne excède 80 caractères." source="com.puppycrawl.tools.checkstyle.checks.sizes.LineLengthCheck"/>
<error line="34" severity="error" message="La ligne excède 80 caractères." source="com.puppycrawl.tools.checkstyle.checks.sizes.LineLengthCheck"/>
<error line="35" severity="error" message="La ligne excède 80 caractères." source="com.puppycrawl.tools.checkstyle.checks.sizes.LineLengthCheck"/>
<error line="38" severity="error" message="La ligne excède 80 caractères." source="com.puppycrawl.tools.checkstyle.checks.sizes.LineLengthCheck"/>
<error line="45" severity="error" message="La ligne excède 80 caractères." source="com.puppycrawl.tools.checkstyle.checks.sizes.LineLengthCheck"/>
<error line="63" severity="error" message="La ligne excède 80 caractères." source="com.puppycrawl.tools.checkstyle.checks.sizes.LineLengthCheck"/>
<error line="65" severity="error" message="La ligne excède 80 caractères." source="com.puppycrawl.tools.checkstyle.checks.sizes.LineLengthCheck"/>
<error line="65" column="8" severity="error" message="Impossible d&apos;obtenir les informations relatives à la classe ElementInterditException pour la balise &apos;@throws&apos;." source="com.puppycrawl.tools.checkstyle.checks.javadoc.JavadocMethodCheck"/>
<error line="68" column="41" severity="error" message="Balise javadoc @throws manquante pour &apos;CaractereInterditException&apos;." source="com.puppycrawl.tools.checkstyle.checks.javadoc.JavadocMethodCheck"/>
<error line="75" column="36" severity="error" message="Il manque une espace après &apos;,&apos;." source="com.puppycrawl.tools.checkstyle.checks.whitespace.WhitespaceAfterCheck"/>
</file>
<file name="C:\Users\bouho\Desktop\Suduko MIAGE\miage_m1_sudoku\src\main\java\c306\sudoku\GrilleImpl.java">
<error line="1" column="9" severity="error" message="Le nom &apos;c306.sudoku&apos; n&apos;est pas conforme à l&apos;expression &apos;^[a-z]+(\.[a-zA-Z_][a-zA-Z0-9_]*)*$&apos;." source="com.puppycrawl.tools.checkstyle.checks.naming.PackageNameCheck"/>
<error line="3" column="8" severity="error" message="Import inutilisé - java.util.Arrays." source="com.puppycrawl.tools.checkstyle.checks.imports.UnusedImportsCheck"/>
<error line="5" column="8" severity="error" message="Import inutilisé - java.util.LinkedHashSet." source="com.puppycrawl.tools.checkstyle.checks.imports.UnusedImportsCheck"/>
<error line="8" severity="error" message="Commentaire javadoc manquant." source="com.puppycrawl.tools.checkstyle.checks.javadoc.JavadocTypeCheck"/>
<error line="9" severity="error" message="Line has trailing spaces." source="com.puppycrawl.tools.checkstyle.checks.regexp.RegexpSinglelineCheck"/>
<error line="10" column="5" severity="error" message="Commentaire javadoc manquant." source="com.puppycrawl.tools.checkstyle.checks.javadoc.JavadocVariableCheck"/>
<error line="11" column="5" severity="error" message="Commentaire javadoc manquant." source="com.puppycrawl.tools.checkstyle.checks.javadoc.JavadocVariableCheck"/>
<error line="15" severity="error" message="La ligne excède 80 caractères." source="com.puppycrawl.tools.checkstyle.checks.sizes.LineLengthCheck"/>
<error line="25" column="5" severity="error" message="Commentaire javadoc manquant." source="com.puppycrawl.tools.checkstyle.checks.javadoc.JavadocVariableCheck"/>
<error line="27" severity="error" message="La ligne excède 80 caractères." source="com.puppycrawl.tools.checkstyle.checks.sizes.LineLengthCheck"/>
<error line="27" column="5" severity="error" message="Commentaire javadoc manquant." source="com.puppycrawl.tools.checkstyle.checks.javadoc.JavadocMethodCheck"/>
<error line="27" column="23" severity="error" message="Le paramètre elementDeGrilles devrait être final." source="com.puppycrawl.tools.checkstyle.checks.FinalParametersCheck"/>
<error line="27" column="59" severity="error" message="Le paramètre grilleTab devrait être final." source="com.puppycrawl.tools.checkstyle.checks.FinalParametersCheck"/>
<error line="32" column="12" severity="error" message="Il manque une espace après &apos;for&apos;." source="com.puppycrawl.tools.checkstyle.checks.whitespace.WhitespaceAroundCheck"/>
<error line="32" column="50" severity="error" message="Il manque une espace avant &apos;{&apos;." source="com.puppycrawl.tools.checkstyle.checks.whitespace.WhitespaceAroundCheck"/>
<error line="37" column="5" severity="error" message="La méthode &apos;getElements&apos; n&apos;est pas conçue pour être dérivée - il faut la déclarer abstraite, finale ou la laisser vide." source="com.puppycrawl.tools.checkstyle.checks.design.DesignForExtensionCheck"/>
<error line="50" column="5" severity="error" message="La méthode &apos;getDimension&apos; n&apos;est pas conçue pour être dérivée - il faut la déclarer abstraite, finale ou la laisser vide." source="com.puppycrawl.tools.checkstyle.checks.design.DesignForExtensionCheck"/>
<error line="55" column="5" severity="error" message="La méthode &apos;setValue&apos; n&apos;est pas conçue pour être dérivée - il faut la déclarer abstraite, finale ou la laisser vide." source="com.puppycrawl.tools.checkstyle.checks.design.DesignForExtensionCheck"/>
<error line="56" column="26" severity="error" message="Le paramètre a devrait être final." source="com.puppycrawl.tools.checkstyle.checks.FinalParametersCheck"/>
<error line="56" column="33" severity="error" message="Le paramètre b devrait être final." source="com.puppycrawl.tools.checkstyle.checks.FinalParametersCheck"/>
<error line="56" column="40" severity="error" message="Le paramètre valeur devrait être final." source="com.puppycrawl.tools.checkstyle.checks.FinalParametersCheck"/>
<error line="57" severity="error" message="La ligne excède 80 caractères." source="com.puppycrawl.tools.checkstyle.checks.sizes.LineLengthCheck"/>
<error line="73" severity="error" message="Line has trailing spaces." source="com.puppycrawl.tools.checkstyle.checks.regexp.RegexpSinglelineCheck"/>
<error line="77" column="5" severity="error" message="La méthode &apos;getValue&apos; n&apos;est pas conçue pour être dérivée - il faut la déclarer abstraite, finale ou la laisser vide." source="com.puppycrawl.tools.checkstyle.checks.design.DesignForExtensionCheck"/>
<error line="78" column="37" severity="error" message="Le paramètre a devrait être final." source="com.puppycrawl.tools.checkstyle.checks.FinalParametersCheck"/>
<error line="78" column="44" severity="error" message="Le paramètre b devrait être final." source="com.puppycrawl.tools.checkstyle.checks.FinalParametersCheck"/>
<error line="81" column="10" severity="error" message="Il manque une espace après &apos;}&apos;." source="com.puppycrawl.tools.checkstyle.checks.whitespace.WhitespaceAroundCheck"/>
<error line="81" column="10" severity="error" message="Il manque une espace avant &apos;else&apos;." source="com.puppycrawl.tools.checkstyle.checks.whitespace.WhitespaceAroundCheck"/>
<error line="81" column="14" severity="error" message="Il manque une espace après &apos;else&apos;." source="com.puppycrawl.tools.checkstyle.checks.whitespace.WhitespaceAroundCheck"/>
<error line="81" column="14" severity="error" message="Il manque une espace avant &apos;{&apos;." source="com.puppycrawl.tools.checkstyle.checks.whitespace.WhitespaceAroundCheck"/>
<error line="86" column="5" severity="error" message="La méthode &apos;isComplete&apos; n&apos;est pas conçue pour être dérivée - il faut la déclarer abstraite, finale ou la laisser vide." source="com.puppycrawl.tools.checkstyle.checks.design.DesignForExtensionCheck"/>
<error line="98" column="5" severity="error" message="La méthode &apos;isPossible&apos; n&apos;est pas conçue pour être dérivée - il faut la déclarer abstraite, finale ou la laisser vide." source="com.puppycrawl.tools.checkstyle.checks.design.DesignForExtensionCheck"/>
<error line="99" column="31" severity="error" message="Le paramètre a devrait être final." source="com.puppycrawl.tools.checkstyle.checks.FinalParametersCheck"/>
<error line="99" column="38" severity="error" message="Le paramètre b devrait être final." source="com.puppycrawl.tools.checkstyle.checks.FinalParametersCheck"/>
<error line="99" column="45" severity="error" message="Le paramètre valeur devrait être final." source="com.puppycrawl.tools.checkstyle.checks.FinalParametersCheck"/>
<error line="104" severity="error" message="Line has trailing spaces." source="com.puppycrawl.tools.checkstyle.checks.regexp.RegexpSinglelineCheck"/>
<error line="108" severity="error" message="Line has trailing spaces." source="com.puppycrawl.tools.checkstyle.checks.regexp.RegexpSinglelineCheck"/>
<error line="112" severity="error" message="Line has trailing spaces." source="com.puppycrawl.tools.checkstyle.checks.regexp.RegexpSinglelineCheck"/>
<error line="116" column="5" severity="error" message="La méthode &apos;isValeurInitiale&apos; n&apos;est pas conçue pour être dérivée - il faut la déclarer abstraite, finale ou la laisser vide." source="com.puppycrawl.tools.checkstyle.checks.design.DesignForExtensionCheck"/>
<error line="117" column="37" severity="error" message="Le paramètre a devrait être final." source="com.puppycrawl.tools.checkstyle.checks.FinalParametersCheck"/>
<error line="117" column="44" severity="error" message="Le paramètre b devrait être final." source="com.puppycrawl.tools.checkstyle.checks.FinalParametersCheck"/>
</file>
<file name="C:\Users\bouho\Desktop\Suduko MIAGE\miage_m1_sudoku\src\main\java\c306\sudoku\GrilleParser.java">
<error line="1" column="9" severity="error" message="Le nom &apos;c306.sudoku&apos; n&apos;est pas conforme à l&apos;expression &apos;^[a-z]+(\.[a-zA-Z_][a-zA-Z0-9_]*)*$&apos;." source="com.puppycrawl.tools.checkstyle.checks.naming.PackageNameCheck"/>
<error line="12" severity="error" message="La ligne excède 80 caractères." source="com.puppycrawl.tools.checkstyle.checks.sizes.LineLengthCheck"/>
<error line="13" severity="error" message="La ligne excède 80 caractères." source="com.puppycrawl.tools.checkstyle.checks.sizes.LineLengthCheck"/>
<error line="25" severity="error" message="La classe GrilleParser devrait être déclarée finale." source="com.puppycrawl.tools.checkstyle.checks.design.FinalClassCheck"/>
<error line="40" severity="error" message="Balise javadoc @return manquante." source="com.puppycrawl.tools.checkstyle.checks.javadoc.JavadocMethodCheck"/>
<error line="41" severity="error" message="La ligne excède 80 caractères." source="com.puppycrawl.tools.checkstyle.checks.sizes.LineLengthCheck"/>
<error line="41" column="33" severity="error" message="Balise javadoc @throws manquante pour &apos;CaractereInterditException&apos;." source="com.puppycrawl.tools.checkstyle.checks.javadoc.JavadocMethodCheck"/>
<error line="41" column="61" severity="error" message="Balise javadoc @throws manquante pour &apos;ValeurInitialeModificationException&apos;." source="com.puppycrawl.tools.checkstyle.checks.javadoc.JavadocMethodCheck"/>
<error line="41" column="98" severity="error" message="Balise javadoc @throws manquante pour &apos;HorsBornesException&apos;." source="com.puppycrawl.tools.checkstyle.checks.javadoc.JavadocMethodCheck"/>
<error line="42" severity="error" message="La ligne excède 80 caractères." source="com.puppycrawl.tools.checkstyle.checks.sizes.LineLengthCheck"/>
<error line="51" severity="error" message="La ligne excède 80 caractères." source="com.puppycrawl.tools.checkstyle.checks.sizes.LineLengthCheck"/>
<error line="58" severity="error" message="La ligne excède 80 caractères." source="com.puppycrawl.tools.checkstyle.checks.sizes.LineLengthCheck"/>
<error line="60" severity="error" message="La ligne excède 80 caractères." source="com.puppycrawl.tools.checkstyle.checks.sizes.LineLengthCheck"/>
<error line="64" severity="error" message="La ligne excède 80 caractères." source="com.puppycrawl.tools.checkstyle.checks.sizes.LineLengthCheck"/>
<error line="66" severity="error" message="La ligne excède 80 caractères." source="com.puppycrawl.tools.checkstyle.checks.sizes.LineLengthCheck"/>
<error line="67" severity="error" message="La ligne excède 80 caractères." source="com.puppycrawl.tools.checkstyle.checks.sizes.LineLengthCheck"/>
<error line="73" severity="error" message="La ligne excède 80 caractères." source="com.puppycrawl.tools.checkstyle.checks.sizes.LineLengthCheck"/>
<error line="78" severity="error" message="La ligne excède 80 caractères." source="com.puppycrawl.tools.checkstyle.checks.sizes.LineLengthCheck"/>
<error line="80" severity="error" message="La ligne excède 80 caractères." source="com.puppycrawl.tools.checkstyle.checks.sizes.LineLengthCheck"/>
</file>
<file name="C:\Users\bouho\Desktop\Suduko MIAGE\miage_m1_sudoku\src\main\java\c306\sudoku\HorsBornesException.java">
<error line="1" column="9" severity="error" message="Le nom &apos;c306.sudoku&apos; n&apos;est pas conforme à l&apos;expression &apos;^[a-z]+(\.[a-zA-Z_][a-zA-Z0-9_]*)*$&apos;." source="com.puppycrawl.tools.checkstyle.checks.naming.PackageNameCheck"/>
</file>
<file name="C:\Users\bouho\Desktop\Suduko MIAGE\miage_m1_sudoku\src\main\java\c306\sudoku\Solveur.java">
<error line="1" column="9" severity="error" message="Le nom &apos;c306.sudoku&apos; n&apos;est pas conforme à l&apos;expression &apos;^[a-z]+(\.[a-zA-Z_][a-zA-Z0-9_]*)*$&apos;." source="com.puppycrawl.tools.checkstyle.checks.naming.PackageNameCheck"/>
<error line="3" severity="error" message="La première ligne doit se terminer avec un point." source="com.puppycrawl.tools.checkstyle.checks.javadoc.JavadocStyleCheck"/>
<error line="9" severity="error" message="La première ligne doit se terminer avec un point." source="com.puppycrawl.tools.checkstyle.checks.javadoc.JavadocStyleCheck"/>
</file>
<file name="C:\Users\bouho\Desktop\Suduko MIAGE\miage_m1_sudoku\src\main\java\c306\sudoku\ValeurImpossibleException.java">
<error line="1" column="9" severity="error" message="Le nom &apos;c306.sudoku&apos; n&apos;est pas conforme à l&apos;expression &apos;^[a-z]+(\.[a-zA-Z_][a-zA-Z0-9_]*)*$&apos;." source="com.puppycrawl.tools.checkstyle.checks.naming.PackageNameCheck"/>
<error line="10" column="38" severity="error" message="Le paramètre element devrait être final." source="com.puppycrawl.tools.checkstyle.checks.FinalParametersCheck"/>
<error line="10" column="45" severity="error" message="Balise javadoc @param manquante pour &apos;element&apos;." source="com.puppycrawl.tools.checkstyle.checks.javadoc.JavadocMethodCheck"/>
<error line="11" severity="error" message="La ligne excède 80 caractères." source="com.puppycrawl.tools.checkstyle.checks.sizes.LineLengthCheck"/>
</file>
<file name="C:\Users\bouho\Desktop\Suduko MIAGE\miage_m1_sudoku\src\main\java\c306\sudoku\ValeurInitialeModificationException.java">
<error line="1" column="9" severity="error" message="Le nom &apos;c306.sudoku&apos; n&apos;est pas conforme à l&apos;expression &apos;^[a-z]+(\.[a-zA-Z_][a-zA-Z0-9_]*)*$&apos;." source="com.puppycrawl.tools.checkstyle.checks.naming.PackageNameCheck"/>
</file>
<file name="C:\Users\bouho\Desktop\Suduko MIAGE\miage_m1_sudoku\src\test\java\TestSoduku.java">
<error line="10" column="8" severity="error" message="Import inutilisé - org.junit.jupiter.api.BeforeAll." source="com.puppycrawl.tools.checkstyle.checks.imports.UnusedImportsCheck"/>
<error line="18" column="8" severity="error" message="Import inutilisé - c306.sudoku.Grille." source="com.puppycrawl.tools.checkstyle.checks.imports.UnusedImportsCheck"/>
<error line="31" column="5" severity="error" message="Commentaire javadoc manquant." source="com.puppycrawl.tools.checkstyle.checks.javadoc.JavadocVariableCheck"/>
<error line="32" column="5" severity="error" message="Commentaire javadoc manquant." source="com.puppycrawl.tools.checkstyle.checks.javadoc.JavadocVariableCheck"/>
<error line="32" column="34" severity="error" message="Le nom &apos;AllElements&apos; n&apos;est pas conforme à l&apos;expression &apos;^[a-z][a-zA-Z0-9]*$&apos;." source="com.puppycrawl.tools.checkstyle.checks.naming.MemberNameCheck"/>
<error line="33" column="5" severity="error" message="Commentaire javadoc manquant." source="com.puppycrawl.tools.checkstyle.checks.javadoc.JavadocVariableCheck"/>
<error line="33" column="23" severity="error" message="&apos;16&apos; devrait être défini comme une constante." source="com.puppycrawl.tools.checkstyle.checks.coding.MagicNumberCheck"/>
<error line="34" severity="error" message="Line has trailing spaces." source="com.puppycrawl.tools.checkstyle.checks.regexp.RegexpSinglelineCheck"/>
<error line="35" column="5" severity="error" message="Commentaire javadoc manquant." source="com.puppycrawl.tools.checkstyle.checks.javadoc.JavadocMethodCheck"/>
<error line="35" column="5" severity="error" message="La méthode &apos;setUp&apos; n&apos;est pas conçue pour être dérivée - il faut la déclarer abstraite, finale ou la laisser vide." source="com.puppycrawl.tools.checkstyle.checks.design.DesignForExtensionCheck"/>
<error line="36" severity="error" message="La ligne excède 80 caractères." source="com.puppycrawl.tools.checkstyle.checks.sizes.LineLengthCheck"/>
<error line="37" severity="error" message="La ligne excède 80 caractères." source="com.puppycrawl.tools.checkstyle.checks.sizes.LineLengthCheck"/>
<error line="38" severity="error" message="La ligne excède 80 caractères." source="com.puppycrawl.tools.checkstyle.checks.sizes.LineLengthCheck"/>
<error line="41" severity="error" message="La ligne excède 80 caractères." source="com.puppycrawl.tools.checkstyle.checks.sizes.LineLengthCheck"/>
<error line="44" severity="error" message="Line has trailing spaces." source="com.puppycrawl.tools.checkstyle.checks.regexp.RegexpSinglelineCheck"/>
<error line="45" severity="error" message="La ligne excède 80 caractères." source="com.puppycrawl.tools.checkstyle.checks.sizes.LineLengthCheck"/>
<error line="52" column="5" severity="error" message="Commentaire javadoc manquant." source="com.puppycrawl.tools.checkstyle.checks.javadoc.JavadocMethodCheck"/>
<error line="57" column="5" severity="error" message="Commentaire javadoc manquant." source="com.puppycrawl.tools.checkstyle.checks.javadoc.JavadocMethodCheck"/>
<error line="57" column="5" severity="error" message="La méthode &apos;TestGetElement&apos; n&apos;est pas conçue pour être dérivée - il faut la déclarer abstraite, finale ou la laisser vide." source="com.puppycrawl.tools.checkstyle.checks.design.DesignForExtensionCheck"/>
<error line="58" column="17" severity="error" message="Le nom &apos;TestGetElement&apos; n&apos;est pas conforme à l&apos;expression &apos;^[a-z][a-zA-Z0-9]*$&apos;." source="com.puppycrawl.tools.checkstyle.checks.naming.MethodNameCheck"/>
<error line="58" column="33" severity="error" message="Il manque une espace avant &apos;{&apos;." source="com.puppycrawl.tools.checkstyle.checks.whitespace.WhitespaceAroundCheck"/>
<error line="62" column="5" severity="error" message="Commentaire javadoc manquant." source="com.puppycrawl.tools.checkstyle.checks.javadoc.JavadocMethodCheck"/>
<error line="62" column="5" severity="error" message="La méthode &apos;TestsetElement&apos; n&apos;est pas conçue pour être dérivée - il faut la déclarer abstraite, finale ou la laisser vide." source="com.puppycrawl.tools.checkstyle.checks.design.DesignForExtensionCheck"/>
<error line="63" column="17" severity="error" message="Le nom &apos;TestsetElement&apos; n&apos;est pas conforme à l&apos;expression &apos;^[a-z][a-zA-Z0-9]*$&apos;." source="com.puppycrawl.tools.checkstyle.checks.naming.MethodNameCheck"/>
<error line="63" column="33" severity="error" message="Il manque une espace avant &apos;{&apos;." source="com.puppycrawl.tools.checkstyle.checks.whitespace.WhitespaceAroundCheck"/>
<error line="64" severity="error" message="Line has trailing spaces." source="com.puppycrawl.tools.checkstyle.checks.regexp.RegexpSinglelineCheck"/>
<error line="66" column="36" severity="error" message="&apos;-5&apos; devrait être défini comme une constante." source="com.puppycrawl.tools.checkstyle.checks.coding.MagicNumberCheck"/>
<error line="66" column="69" severity="error" message="&apos;8&apos; devrait être défini comme une constante." source="com.puppycrawl.tools.checkstyle.checks.coding.MagicNumberCheck"/>
<error line="84" column="5" severity="error" message="Commentaire javadoc manquant." source="com.puppycrawl.tools.checkstyle.checks.javadoc.JavadocMethodCheck"/>
<error line="84" column="5" severity="error" message="La méthode &apos;TestgetValue&apos; n&apos;est pas conçue pour être dérivée - il faut la déclarer abstraite, finale ou la laisser vide." source="com.puppycrawl.tools.checkstyle.checks.design.DesignForExtensionCheck"/>
<error line="85" column="17" severity="error" message="Le nom &apos;TestgetValue&apos; n&apos;est pas conforme à l&apos;expression &apos;^[a-z][a-zA-Z0-9]*$&apos;." source="com.puppycrawl.tools.checkstyle.checks.naming.MethodNameCheck"/>
<error line="85" column="31" severity="error" message="Il manque une espace avant &apos;{&apos;." source="com.puppycrawl.tools.checkstyle.checks.whitespace.WhitespaceAroundCheck"/>
<error line="87" column="36" severity="error" message="&apos;-5&apos; devrait être défini comme une constante." source="com.puppycrawl.tools.checkstyle.checks.coding.MagicNumberCheck"/>
<error line="91" column="5" severity="error" message="Commentaire javadoc manquant." source="com.puppycrawl.tools.checkstyle.checks.javadoc.JavadocMethodCheck"/>
<error line="91" column="5" severity="error" message="La méthode &apos;TestisComplete&apos; n&apos;est pas conçue pour être dérivée - il faut la déclarer abstraite, finale ou la laisser vide." source="com.puppycrawl.tools.checkstyle.checks.design.DesignForExtensionCheck"/>
<error line="92" column="17" severity="error" message="Le nom &apos;TestisComplete&apos; n&apos;est pas conforme à l&apos;expression &apos;^[a-z][a-zA-Z0-9]*$&apos;." source="com.puppycrawl.tools.checkstyle.checks.naming.MethodNameCheck"/>
<error line="92" column="33" severity="error" message="Il manque une espace avant &apos;{&apos;." source="com.puppycrawl.tools.checkstyle.checks.whitespace.WhitespaceAroundCheck"/>
<error line="96" column="5" severity="error" message="Commentaire javadoc manquant." source="com.puppycrawl.tools.checkstyle.checks.javadoc.JavadocMethodCheck"/>
<error line="96" column="5" severity="error" message="La méthode &apos;TestisPossible&apos; n&apos;est pas conçue pour être dérivée - il faut la déclarer abstraite, finale ou la laisser vide." source="com.puppycrawl.tools.checkstyle.checks.design.DesignForExtensionCheck"/>
<error line="97" severity="error" message="La ligne excède 80 caractères." source="com.puppycrawl.tools.checkstyle.checks.sizes.LineLengthCheck"/>
<error line="97" column="17" severity="error" message="Le nom &apos;TestisPossible&apos; n&apos;est pas conforme à l&apos;expression &apos;^[a-z][a-zA-Z0-9]*$&apos;." source="com.puppycrawl.tools.checkstyle.checks.naming.MethodNameCheck"/>
<error line="98" severity="error" message="Line has trailing spaces." source="com.puppycrawl.tools.checkstyle.checks.regexp.RegexpSinglelineCheck"/>
<error line="99" severity="error" message="La ligne excède 80 caractères." source="com.puppycrawl.tools.checkstyle.checks.sizes.LineLengthCheck"/>
<error line="99" column="48" severity="error" message="&apos;12&apos; devrait être défini comme une constante." source="com.puppycrawl.tools.checkstyle.checks.coding.MagicNumberCheck"/>
<error line="99" column="78" severity="error" message="&apos;5&apos; devrait être défini comme une constante." source="com.puppycrawl.tools.checkstyle.checks.coding.MagicNumberCheck"/>
<error line="102" column="36" severity="error" message="&apos;-5&apos; devrait être défini comme une constante." source="com.puppycrawl.tools.checkstyle.checks.coding.MagicNumberCheck"/>
<error line="102" column="69" severity="error" message="&apos;8&apos; devrait être défini comme une constante." source="com.puppycrawl.tools.checkstyle.checks.coding.MagicNumberCheck"/>
<error line="111" column="5" severity="error" message="Commentaire javadoc manquant." source="com.puppycrawl.tools.checkstyle.checks.javadoc.JavadocMethodCheck"/>
<error line="111" column="5" severity="error" message="La méthode &apos;TestisValeurInitiale&apos; n&apos;est pas conçue pour être dérivée - il faut la déclarer abstraite, finale ou la laisser vide." source="com.puppycrawl.tools.checkstyle.checks.design.DesignForExtensionCheck"/>
<error line="112" column="17" severity="error" message="Le nom &apos;TestisValeurInitiale&apos; n&apos;est pas conforme à l&apos;expression &apos;^[a-z][a-zA-Z0-9]*$&apos;." source="com.puppycrawl.tools.checkstyle.checks.naming.MethodNameCheck"/>
<error line="112" column="39" severity="error" message="Il manque une espace avant &apos;{&apos;." source="com.puppycrawl.tools.checkstyle.checks.whitespace.WhitespaceAroundCheck"/>
</file>
</checkstyle>
