GROUP,PACKAGE,CLASS,INSTRUCTION_MISSED,INSTRUCTION_COVERED,BRANCH_MISSED,BRANCH_COVERED,LINE_MISSED,LINE_COVERED,COMPLEXITY_MISSED,COMPLEXITY_COVERED,METHOD_MISSED,METHOD_COVERED
Activite2,c306.sudoku,HorsBornesException,0,4,0,0,0,2,0,1,0,1
Activite2,c306.sudoku,CaractereInterditException,0,4,0,0,0,2,0,1,0,1
Activite2,c306.sudoku,ValeurInitialeModificationException,4,0,0,0,2,0,1,0,1,0
Activite2,c306.sudoku,ValeurImpossibleException,5,0,0,0,2,0,1,0,1,0
Activite2,c306.sudoku,GrilleImpl,69,178,26,24,13,27,20,13,1,7
Activite2,c306.sudoku,GrilleParser,29,126,8,16,6,24,8,5,0,1
Activite2,c306.sudoku,ElementDeGrilleImplAsChar,3,6,0,0,1,3,1,1,1,1
